* using log directory 'C:/Users/KRC/Desktop/RForge/thresher/pkg/RCytoGPS.Rcheck'
* using R version 4.2.1 (2022-06-23 ucrt)
* using platform: x86_64-w64-mingw32 (64-bit)
* using session charset: UTF-8
* using option '--as-cran'
* checking for file 'RCytoGPS/DESCRIPTION' ... OK
* this is package 'RCytoGPS' version '1.2.1'
* checking CRAN incoming feasibility ... WARNING
Maintainer: 'Kevin R. Coombes <krc@silicovore.com>'

Insufficient package version (submitted: 1.2.1, existing: 1.2.1)

The Date field is over a month old.
* checking package namespace information ... OK
* checking package dependencies ... OK
* checking if this is a source package ... OK
* checking if there is a namespace ... OK
* checking for executable files ... OK
* checking for hidden files and directories ... OK
* checking for portable file names ... OK
* checking whether package 'RCytoGPS' can be installed ... OK
* checking installed package size ... OK
* checking package directory ... OK
* checking for future file timestamps ... OK
* checking 'build' directory ... OK
* checking DESCRIPTION meta-information ... OK
* checking top-level files ... OK
* checking for left-over files ... OK
* checking index information ... OK
* checking package subdirectories ... OK
* checking R files for non-ASCII characters ... OK
* checking R files for syntax errors ... OK
* checking whether the package can be loaded ... OK
* checking whether the package can be loaded with stated dependencies ... OK
* checking whether the package can be unloaded cleanly ... OK
* checking whether the namespace can be loaded with stated dependencies ... OK
* checking whether the namespace can be unloaded cleanly ... OK
* checking use of S3 registration ... OK
* checking dependencies in R code ... OK
* checking S3 generic/method consistency ... OK
* checking replacement functions ... OK
* checking foreign function calls ... OK
* checking R code for possible problems ... OK
* checking Rd files ... OK
* checking Rd metadata ... OK
* checking Rd line widths ... OK
* checking Rd cross-references ... OK
* checking for missing documentation entries ... OK
* checking for code/documentation mismatches ... OK
* checking Rd \usage sections ... OK
* checking Rd contents ... OK
* checking for unstated dependencies in examples ... OK
* checking contents of 'data' directory ... OK
* checking data for non-ASCII characters ... OK
* checking data for ASCII and uncompressed saves ... OK
* checking R/sysdata.rda ... OK
* checking installed files from 'inst/doc' ... OK
* checking files in 'vignettes' ... OK
* checking examples ... OK
* checking for unstated dependencies in 'tests' ... OK
* checking tests ... OK
  Running 'test01-chrom.R'
  Comparing 'test01-chrom.Rout' to 'test01-chrom.Rout.save' ... OK
  Running 'test02-gb.R'
  Comparing 'test02-gb.Rout' to 'test02-gb.Rout.save' ... OK
  Running 'test03-objects.R' [16s]
  Comparing 'test03-objects.Rout' to 'test03-objects.Rout.save' ... OK
  Running 'test100-read.R'
  Running 'test101-preclean.R'
  Comparing 'test101-preclean.Rout' to 'test101-preclean.Rout.save' ... OK
  Running 'testclip.R'
* checking for unstated dependencies in vignettes ... OK
* checking package vignettes in 'inst/doc' ... OK
* checking re-building of vignette outputs ... OK
* checking PDF version of manual ... OK
* skipping checking HTML version of manual: no command 'tidy' found
* checking for non-standard things in the check directory ... OK
* checking for detritus in the temp directory ... OK
* DONE
Status: 1 WARNING
