* using log directory 'C:/Users/Kevin/Desktop/RForge/thresher/pkg/PCDimension.Rcheck'
* using R version 3.4.0 (2017-04-21)
* using platform: x86_64-w64-mingw32 (64-bit)
* using session charset: ISO8859-1
* using option '--as-cran'
* checking for file 'PCDimension/DESCRIPTION' ... OK
* this is package 'PCDimension' version '1.1.3'
* checking CRAN incoming feasibility ... NOTE
Maintainer: 'Kevin R. Coombes <krc@silicovore.com>'

New submission

Strong dependencies not in mainstream repositories:
  ClassDiscovery, oompaBase

The Date field is over a month old.
* checking package namespace information ... OK
* checking package dependencies ... OK
* checking if this is a source package ... OK
* checking if there is a namespace ... OK
* checking for executable files ... OK
* checking for hidden files and directories ... OK
* checking for portable file names ... OK
* checking whether package 'PCDimension' can be installed ... OK
* checking installed package size ... OK
* checking package directory ... OK
* checking DESCRIPTION meta-information ... OK
* checking top-level files ... OK
* checking for left-over files ... OK
* checking index information ... OK
* checking package subdirectories ... OK
* checking R files for non-ASCII characters ... OK
* checking R files for syntax errors ... OK
* checking whether the package can be loaded ... OK
* checking whether the package can be loaded with stated dependencies ... OK
* checking whether the package can be unloaded cleanly ... OK
* checking whether the namespace can be loaded with stated dependencies ... OK
* checking whether the namespace can be unloaded cleanly ... OK
* checking use of S3 registration ... OK
* checking dependencies in R code ... OK
* checking S3 generic/method consistency ... OK
* checking replacement functions ... OK
* checking foreign function calls ... OK
* checking R code for possible problems ... OK
* checking Rd files ... NOTE
prepare_Rd: rndLambdaF.Rd:30-31: Dropping empty section \seealso
prepare_Rd: rndLambdaF.Rd:32-33: Dropping empty section \examples
* checking Rd metadata ... OK
* checking Rd line widths ... OK
* checking Rd cross-references ... OK
* checking for missing documentation entries ... OK
* checking for code/documentation mismatches ... OK
* checking Rd \usage sections ... OK
* checking Rd contents ... OK
* checking for unstated dependencies in examples ... OK
* checking contents of 'data' directory ... OK
* checking data for non-ASCII characters ... OK
* checking data for ASCII and uncompressed saves ... OK
* checking examples ... OK
* checking for unstated dependencies in 'tests' ... OK
* checking tests ... OK
  Running '00-auer.R'
  Comparing '00-auer.Rout' to '00-auer.Rout.save' ...4a5,7
> Warning message:
> In .recacheSubclasses(def@className, def, doSubclasses, env) :
>   undefined subclass "externalRefMethod" of class "kfunction"; definition not updated
53,57d55
< > # randomization based model
< > rndLambdaF(ranData)
< rndLambda      rndF 
<         0         0 
< > 
74c72
< +                cpt=agDimCPT, cpm=f)
---
> +                cpt=agDimCPT, cpm=f, leap=agDimLeap)
78,79c76,77
< twice    km   km3    tt   tt2   cpt   cpm 
<     1     1     1     3     1     1     3 
---
> twice    km   km3    tt   tt2   cpt   cpm  leap 
>     1     1     1     3     1     1     3     8 
* checking PDF version of manual ... OK
* DONE
Status: 2 NOTEs
